2025-04-04 07:24:42.788270 - Received CBT.V508.FILE294.PDS from FILE294.XMI 
2025-04-04 07:24:42.789931 - Found $$$#DATE.txt (text/plain) in CBT.V508.FILE294.PDS, moved to PDS/$$$#DATE
2025-04-04 07:24:42.790080 - Found $$DOC.txt (text/plain) in CBT.V508.FILE294.PDS, moved to PDS/$$DOC
2025-04-04 07:24:42.790256 - Found $CAPDOC.txt (text/plain) in CBT.V508.FILE294.PDS, moved to PDS/$CAPDOC
2025-04-04 07:24:42.790384 - Found $CBTJCL.jcl (text/plain) in CBT.V508.FILE294.PDS, moved to PDS/$CBTJCL
2025-04-04 07:24:42.790512 - Found $INSTALL.txt (text/plain) in CBT.V508.FILE294.PDS, moved to PDS/$INSTALL
2025-04-04 07:24:42.790631 - Found @FILE294.txt (text/plain) in CBT.V508.FILE294.PDS, moved to PDS/@FILE294
2025-04-04 07:24:42.790757 - Found @INSTALL.jcl (text/plain) in CBT.V508.FILE294.PDS, moved to PDS/@INSTALL
2025-04-04 07:24:42.790882 - Found ASMOPTIM.jcl (text/plain) in CBT.V508.FILE294.PDS, moved to PDS/ASMOPTIM
2025-04-04 07:24:42.790998 - Found ASMPLOPT.jcl (text/plain) in CBT.V508.FILE294.PDS, moved to PDS/ASMPLOPT
2025-04-04 07:24:42.791119 - Found ASMVSAMA.jcl (text/plain) in CBT.V508.FILE294.PDS, moved to PDS/ASMVSAMA
2025-04-04 07:24:42.791237 - Found ASMVSAMS.jcl (text/plain) in CBT.V508.FILE294.PDS, moved to PDS/ASMVSAMS
2025-04-04 07:24:42.791347 - Found BUF3270.txt (text/plain) in CBT.V508.FILE294.PDS, moved to PDS/BUF3270
2025-04-04 07:24:42.791457 - Found DATASCRN.txt (text/plain) in CBT.V508.FILE294.PDS, moved to PDS/DATASCRN
2025-04-04 07:24:42.791572 - Found DESCSCRN.txt (text/plain) in CBT.V508.FILE294.PDS, moved to PDS/DESCSCRN
2025-04-04 07:24:42.791712 - Found DOCUMENT.txt (text/plain) in CBT.V508.FILE294.PDS, moved to PDS/DOCUMENT
2025-04-04 07:24:42.791847 - Found DTLSCRN.txt (text/plain) in CBT.V508.FILE294.PDS, moved to PDS/DTLSCRN
2025-04-04 07:24:42.791995 - Found FIELD.txt (text/plain) in CBT.V508.FILE294.PDS, moved to PDS/FIELD
2025-04-04 07:24:42.792121 - Found HEADSCRN.txt (text/plain) in CBT.V508.FILE294.PDS, moved to PDS/HEADSCRN
2025-04-04 07:24:42.792453 - Found HELP.txt (text/plain) in CBT.V508.FILE294.PDS, moved to PDS/HELP
2025-04-04 07:24:42.792776 - Found HLP0SCRN.txt (text/plain) in CBT.V508.FILE294.PDS, moved to PDS/HLP0SCRN
2025-04-04 07:24:42.792915 - Found HLP1SCRN.txt (text/plain) in CBT.V508.FILE294.PDS, moved to PDS/HLP1SCRN
2025-04-04 07:24:42.793049 - Found HLP2SCRN.txt (text/plain) in CBT.V508.FILE294.PDS, moved to PDS/HLP2SCRN
2025-04-04 07:24:42.793170 - Found HLP3SCRN.txt (text/plain) in CBT.V508.FILE294.PDS, moved to PDS/HLP3SCRN
2025-04-04 07:24:42.793290 - Found HLP4SCRN.txt (text/plain) in CBT.V508.FILE294.PDS, moved to PDS/HLP4SCRN
2025-04-04 07:24:42.793408 - Found HLP5SCRN.txt (text/plain) in CBT.V508.FILE294.PDS, moved to PDS/HLP5SCRN
2025-04-04 07:24:42.793532 - Found HLP6SCRN.txt (text/plain) in CBT.V508.FILE294.PDS, moved to PDS/HLP6SCRN
2025-04-04 07:24:42.793649 - Found HLP7SCRN.txt (text/plain) in CBT.V508.FILE294.PDS, moved to PDS/HLP7SCRN
2025-04-04 07:24:42.793765 - Found MENUSCRN.txt (text/plain) in CBT.V508.FILE294.PDS, moved to PDS/MENUSCRN
2025-04-04 07:24:42.793899 - Found OSINIT.txt (text/plain) in CBT.V508.FILE294.PDS, moved to PDS/OSINIT
2025-04-04 07:24:42.794058 - Found SBA.txt (text/plain) in CBT.V508.FILE294.PDS, moved to PDS/SBA
2025-04-04 07:24:42.794169 - Found SF.txt (text/plain) in CBT.V508.FILE294.PDS, moved to PDS/SF
2025-04-04 07:24:42.794291 - Found VSAMADEV.txt (text/plain) in CBT.V508.FILE294.PDS, moved to PDS/VSAMADEV
2025-04-04 07:24:42.794445 - Found VSAMADTL.txt (text/plain) in CBT.V508.FILE294.PDS, moved to PDS/VSAMADTL
2025-04-04 07:24:42.794558 - Found VSAMAEQU.txt (text/plain) in CBT.V508.FILE294.PDS, moved to PDS/VSAMAEQU
2025-04-04 07:24:42.794687 - Found VSAMAGET.txt (text/plain) in CBT.V508.FILE294.PDS, moved to PDS/VSAMAGET
2025-04-04 07:24:42.794812 - Found VSAMAHLP.txt (text/plain) in CBT.V508.FILE294.PDS, moved to PDS/VSAMAHLP
2025-04-04 07:24:42.794965 - Found VSAMANAL.txt (text/plain) in CBT.V508.FILE294.PDS, moved to PDS/VSAMANAL
2025-04-04 07:24:42.795079 - Found VSAMANDX.txt (text/plain) in CBT.V508.FILE294.PDS, moved to PDS/VSAMANDX
2025-04-04 07:24:42.795204 - Found VSAMAWRK.txt (text/plain) in CBT.V508.FILE294.PDS, moved to PDS/VSAMAWRK
2025-04-04 07:24:42.795325 - Found VSAMSIZE.txt (text/plain) in CBT.V508.FILE294.PDS, moved to PDS/VSAMSIZE
